<?xml version="1.0" encoding="UTF-8"?>
<testsuite name="server.ServerTest" tests="3" skipped="0" failures="0" errors="0" timestamp="2021-03-16T22:15:30" hostname="BRIG-PC" time="24.939">
  <properties/>
  <testcase name="testDeleteCompleted()" classname="server.ServerTest" time="8.996"/>
  <testcase name="testAddTodos()" classname="server.ServerTest" time="8.242"/>
  <testcase name="testMarkAndShowCompleted()" classname="server.ServerTest" time="7.701"/>
  <system-out><![CDATA[Started server on port 8080
Started server on port 8080
Started server on port 8080
]]></system-out>
  <system-err><![CDATA[Starting ChromeDriver 89.0.4389.23 (61b08ee2c50024bab004e48d2b1b083cdbdac579-refs/branch-heads/4389@{#294}) on port 32038
Only local connections are allowed.
Please see https://chromedriver.chromium.org/security-considerations for suggestions on keeping ChromeDriver safe.
ChromeDriver was started successfully.
Mar 16, 2021 4:15:32 PM org.openqa.selenium.remote.ProtocolHandshake createSession
INFO: Detected dialect: W3C
Starting ChromeDriver 89.0.4389.23 (61b08ee2c50024bab004e48d2b1b083cdbdac579-refs/branch-heads/4389@{#294}) on port 40839
Only local connections are allowed.
Please see https://chromedriver.chromium.org/security-considerations for suggestions on keeping ChromeDriver safe.
ChromeDriver was started successfully.
Mar 16, 2021 4:15:41 PM org.openqa.selenium.remote.ProtocolHandshake createSession
INFO: Detected dialect: W3C
Starting ChromeDriver 89.0.4389.23 (61b08ee2c50024bab004e48d2b1b083cdbdac579-refs/branch-heads/4389@{#294}) on port 6826
Only local connections are allowed.
Please see https://chromedriver.chromium.org/security-considerations for suggestions on keeping ChromeDriver safe.
ChromeDriver was started successfully.
Mar 16, 2021 4:15:49 PM org.openqa.selenium.remote.ProtocolHandshake createSession
INFO: Detected dialect: W3C
]]></system-err>
</testsuite>
