<?xml version="1.0" encoding="UTF-8"?>
<testsuite name="PartTwoTest" tests="4" skipped="0" failures="0" errors="0" timestamp="2021-02-23T21:28:33" hostname="BRIGHAM-LAPTOP" time="0.047">
  <properties/>
  <testcase name="deleteUserAccount()" classname="PartTwoTest" time="0.035"/>
  <testcase name="register()" classname="PartTwoTest" time="0.004"/>
  <testcase name="login()" classname="PartTwoTest" time="0.003"/>
  <testcase name="logAccountUse()" classname="PartTwoTest" time="0.004"/>
  <system-out><![CDATA[]]></system-out>
  <system-err><![CDATA[]]></system-err>
</testsuite>
