<?xml version="1.0" encoding="UTF-8"?>
<testsuite name="PartTwoTest" tests="1" skipped="0" failures="0" errors="0" timestamp="2021-02-23T21:20:55" hostname="BRIGHAM-LAPTOP" time="0.76">
  <properties/>
  <testcase name="deleteUserAccount()" classname="PartTwoTest" time="0.76"/>
  <system-out><![CDATA[]]></system-out>
  <system-err><![CDATA[]]></system-err>
</testsuite>
