<?xml version="1.0" encoding="UTF-8"?>
<testsuite name="PartOneTest" tests="1" skipped="0" failures="0" errors="0" timestamp="2021-02-23T21:28:33" hostname="BRIGHAM-LAPTOP" time="0.358">
  <properties/>
  <testcase name="loginTest()" classname="PartOneTest" time="0.358"/>
  <system-out><![CDATA[]]></system-out>
  <system-err><![CDATA[]]></system-err>
</testsuite>
