<?xml version="1.0" encoding="UTF-8"?>
<testsuite name="com.example.PersonTest" tests="2" skipped="0" failures="0" errors="0" timestamp="2021-02-02T15:36:30" hostname="BRIGHAM-LAPTOP" time="0.07">
  <properties/>
  <testcase name="testGetFullName()" classname="com.example.PersonTest" time="0.056"/>
  <testcase name="testGetAge()" classname="com.example.PersonTest" time="0.012"/>
  <system-out><![CDATA[]]></system-out>
  <system-err><![CDATA[]]></system-err>
</testsuite>
